#
# A fatal error has been detected by the Java Runtime Environment:
#
#  Internal Error (sharedRuntime.cpp:2479), pid=7536, tid=7356
#  Error: ShouldNotReachHere()
#
# JRE version: OpenJDK Runtime Environment Temurin-21.0.7+6 (21.0.7+6) (build 21.0.7+6-LTS)
# Java VM: OpenJDK 64-Bit Server VM Temurin-21.0.7+6 (21.0.7+6-LTS, mixed mode, sharing, tiered, compressed oops, compressed class ptrs, parallel gc, windows-amd64)
# No core dump will be written. Minidumps are not enabled by default on client versions of Windows
#
# If you would like to submit a bug report, please visit:
#   https://github.com/adoptium/adoptium-support/issues
#

---------------  S U M M A R Y ------------

Command Line: --add-modules=ALL-SYSTEM --add-opens=java.base/java.util=ALL-UNNAMED --add-opens=java.base/java.lang=ALL-UNNAMED --add-opens=java.base/sun.nio.fs=ALL-UNNAMED -Declipse.application=org.eclipse.jdt.ls.core.id1 -Dosgi.bundles.defaultStartLevel=4 -Declipse.product=org.eclipse.jdt.ls.core.product -Djava.import.generatesMetadataFilesAtProjectRoot=false -DDetectVMInstallationsJob.disabled=true -Dfile.encoding=utf8 -XX:+UseParallelGC -XX:GCTimeRatio=4 -XX:AdaptiveSizePolicyWeight=90 -Dsun.zip.disableMemoryMapping=true -Xmx1G -Xms100m -Xlog:disable -javaagent:c:\Users\SBC\.vscode\extensions\redhat.java-1.42.0-win32-x64\lombok\lombok-1.18.36.jar -XX:+HeapDumpOnOutOfMemoryError -XX:HeapDumpPath=c:\Users\SBC\AppData\Roaming\Code\User\workspaceStorage\282c1fcaef77fe26e4d6393d23006972\redhat.java -Daether.dependencyCollector.impl=bf c:\Users\SBC\.vscode\extensions\redhat.java-1.42.0-win32-x64\server\plugins\org.eclipse.equinox.launcher_1.7.0.v20250424-1814.jar -configuration c:\Users\SBC\AppData\Roaming\Code\User\globalStorage\redhat.java\1.42.0\config_win -data c:\Users\SBC\AppData\Roaming\Code\User\workspaceStorage\282c1fcaef77fe26e4d6393d23006972\redhat.java\jdt_ws --pipe=\\.\pipe\lsp-390cc3cc0d983df27a8a30808e6ae16d-sock

Host: Intel(R) Core(TM) i7-8650U CPU @ 1.90GHz, 8 cores, 15G,  Windows 10 , 64 bit Build 19041 (10.0.19041.5678)
Time: Mon May 19 18:00:22 2025 Bangladesh Standard Time elapsed time: 0.111935 seconds (0d 0h 0m 0s)

---------------  T H R E A D  ---------------

Current thread (0x00000216f2365fc0):  JavaThread "main"             [_thread_in_vm, id=7356, stack(0x00000077b6700000,0x00000077b6800000) (1024K)]

Stack: [0x00000077b6700000,0x00000077b6800000]
Native frames: (J=compiled Java code, j=interpreted, Vv=VM code, C=native code)
V  [jvm.dll+0x6ce119]
V  [jvm.dll+0x8a84a1]
V  [jvm.dll+0x8aa9ce]
V  [jvm.dll+0x8ab067]
V  [jvm.dll+0x27f827]
V  [jvm.dll+0x27f84c]
V  [jvm.dll+0x27f7a0]
V  [jvm.dll+0x733208]
V  [jvm.dll+0x735e1a]
V  [jvm.dll+0x67df4f]
V  [jvm.dll+0x3c3da4]
V  [jvm.dll+0x3c2af7]
V  [jvm.dll+0x3c2a98]
V  [jvm.dll+0x5d5a99]
V  [jvm.dll+0x5d499c]
V  [jvm.dll+0x3d8605]
V  [jvm.dll+0x3d7c7d]
C  0x0000021687548095

The last pc belongs to invokestatic (printed below).
Java frames: (J=compiled Java code, j=interpreted, Vv=VM code)
j  sun.nio.fs.WindowsFileSystem.getPath(Ljava/lang/String;[Ljava/lang/String;)Ljava/nio/file/Path;+102 java.base@21.0.7
j  java.util.zip.ZipFile$Source.get(Ljava/io/File;ZLjava/util/zip/ZipCoder;)Ljava/util/zip/ZipFile$Source;+16 java.base@21.0.7
j  java.util.zip.ZipFile$CleanableResource.<init>(Ljava/util/zip/ZipFile;Ljava/util/zip/ZipCoder;Ljava/io/File;I)V+56 java.base@21.0.7
j  java.util.zip.ZipFile.<init>(Ljava/io/File;ILjava/nio/charset/Charset;)V+123 java.base@21.0.7
j  java.util.zip.ZipFile.<init>(Ljava/io/File;I)V+6 java.base@21.0.7
j  java.util.jar.JarFile.<init>(Ljava/io/File;ZILjava/lang/Runtime$Version;)V+3 java.base@21.0.7
j  jdk.internal.loader.URLClassPath$JarLoader.getJarFile(Ljava/net/URL;)Ljava/util/jar/JarFile;+56 java.base@21.0.7
j  jdk.internal.loader.URLClassPath$JarLoader$1.run()Ljava/lang/Void;+55 java.base@21.0.7
j  jdk.internal.loader.URLClassPath$JarLoader$1.run()Ljava/lang/Object;+1 java.base@21.0.7
j  java.security.AccessController.executePrivileged(Ljava/security/PrivilegedExceptionAction;Ljava/security/AccessControlContext;Ljava/lang/Class;)Ljava/lang/Object;+29 java.base@21.0.7
j  java.security.AccessController.doPrivileged(Ljava/security/PrivilegedExceptionAction;Ljava/security/AccessControlContext;)Ljava/lang/Object;+13 java.base@21.0.7
j  jdk.internal.loader.URLClassPath$JarLoader.ensureOpen()V+19 java.base@21.0.7
j  jdk.internal.loader.URLClassPath$JarLoader.<init>(Ljava/net/URL;Ljava/net/URLStreamHandler;Ljava/util/HashMap;Ljava/security/AccessControlContext;)V+59 java.base@21.0.7
j  jdk.internal.loader.URLClassPath$3.run()Ljdk/internal/loader/URLClassPath$Loader;+168 java.base@21.0.7
j  jdk.internal.loader.URLClassPath$3.run()Ljava/lang/Object;+1 java.base@21.0.7
j  java.security.AccessController.executePrivileged(Ljava/security/PrivilegedExceptionAction;Ljava/security/AccessControlContext;Ljava/lang/Class;)Ljava/lang/Object;+29 java.base@21.0.7
j  java.security.AccessController.doPrivileged(Ljava/security/PrivilegedExceptionAction;Ljava/security/AccessControlContext;)Ljava/lang/Object;+13 java.base@21.0.7
j  jdk.internal.loader.URLClassPath.getLoader(Ljava/net/URL;)Ljdk/internal/loader/URLClassPath$Loader;+13 java.base@21.0.7
j  jdk.internal.loader.URLClassPath.getLoader(I)Ljdk/internal/loader/URLClassPath$Loader;+81 java.base@21.0.7
j  jdk.internal.loader.URLClassPath.getResource(Ljava/lang/String;Z)Ljdk/internal/loader/Resource;+42 java.base@21.0.7
j  jdk.internal.loader.BuiltinClassLoader.findClassOnClassPathOrNull(Ljava/lang/String;)Ljava/lang/Class;+26 java.base@21.0.7
j  jdk.internal.loader.BuiltinClassLoader.loadClassOrNull(Ljava/lang/String;Z)Ljava/lang/Class;+111 java.base@21.0.7
j  jdk.internal.loader.BuiltinClassLoader.loadClass(Ljava/lang/String;Z)Ljava/lang/Class;+3 java.base@21.0.7
j  jdk.internal.loader.ClassLoaders$AppClassLoader.loadClass(Ljava/lang/String;Z)Ljava/lang/Class;+36 java.base@21.0.7
j  java.lang.ClassLoader.loadClass(Ljava/lang/String;)Ljava/lang/Class;+3 java.base@21.0.7
j  sun.instrument.InstrumentationImpl.loadClassAndStartAgent(Ljava/lang/String;Ljava/lang/String;Ljava/lang/String;)V+8 java.instrument@21.0.7
j  sun.instrument.InstrumentationImpl.loadClassAndCallPremain(Ljava/lang/String;Ljava/lang/String;)V+6 java.instrument@21.0.7
v  ~StubRoutines::call_stub 0x000002168753100d
invokestatic  184 invokestatic  [0x0000021687547fe0, 0x00000216875482a8]  712 bytes
[MachCode]
  0x0000021687547fe0: 4883 ec08 | c5fa 1104 | 24eb 1f48 | 83ec 10c5 | fb11 0424 | eb14 4883 | ec10 4889 | 0424 48c7 
  0x0000021687548000: 4424 0800 | 0000 00eb | 0150 4c89 | 6dc0 410f | b755 0148 | 8b4d d0c1 | e202 8b5c | d138 c1eb 
  0x0000021687548020: 1081 e3ff | 0000 0081 | fbb8 0000 | 000f 84b4 | 0000 00bb | b800 0000 | e805 0000 | 00e9 9900 
  0x0000021687548040: 0000 488b | d348 8d44 | 2408 4c89 | 6dc0 498b | cfc5 f877 | 4989 afa8 | 0300 0049 | 8987 9803 
  0x0000021687548060: 0000 4883 | ec20 40f6 | c40f 0f84 | 1900 0000 | 4883 ec08 | 48b8 107c | a0ad fe7f | 0000 ffd0 
  0x0000021687548080: 4883 c408 | e90c 0000 | 0048 b810 | 7ca0 adfe | 7f00 00ff | d048 83c4 | 2049 c787 | 9803 0000 
  0x00000216875480a0: 0000 0000 | 49c7 87a8 | 0300 0000 | 0000 0049 | c787 a003 | 0000 0000 | 0000 c5f8 | 7749 837f 
  0x00000216875480c0: 0800 0f84 | 0500 0000 | e933 8efe | ff4c 8b6d | c04c 8b75 | c84e 8d74 | f500 c341 | 0fb7 5501 
  0x00000216875480e0: 488b 4dd0 | c1e2 0248 | 8b5c d140 | 488b 5b08 | 488b 5b08 | 488b 5b18 | 80bb 2101 | 0000 040f 
  0x0000021687548100: 840d 0000 | 004c 3bbb | 2801 0000 | 0f85 21ff | ffff 488b | 5cd1 408b | 54d1 50c1 | ea1c 49ba 
  0x0000021687548120: c0df 2eae | fe7f 0000 | 498b 14d2 | 5248 8b45 | d848 85c0 | 0f84 1200 | 0000 4883 | 4008 0148 
  0x0000021687548140: 8358 0800 | 4883 c010 | 4889 45d8 | 488b 45d8 | 4885 c00f | 843d 0100 | 0080 78f0 | 0a0f 8533 
  0x0000021687548160: 0100 0048 | 83c0 084c | 8b68 f841 | 83ed 0041 | 83fd 020f | 8c12 0100 | 004c 8b6b | 0845 0fb7 
  0x0000021687548180: 6d2e 4c2b | 2841 83ed | 014e 8b6c | ec08 4d85 | ed75 0ef6 | 4008 0175 | 58f0 4883 | 4808 01eb 
  0x00000216875481a0: 5045 8b6d | 0849 ba00 | 0000 8f16 | 0200 004d | 03ea 4d8b | d54c 3368 | 0849 f7c5 | fcff ffff 
  0x00000216875481c0: 742f 41f6 | c502 7529 | 4883 7808 | 0074 1e48 | 8378 0801 | 7417 4d8b | ea4c 3368 | 0849 f7c5 
  0x00000216875481e0: fcff ffff | 740b 4883 | 4808 02eb | 044c 8968 | 0848 83c0 | 104c 8b68 | e841 83ed | 0241 83fd 
  0x0000021687548200: 020f 8c84 | 0000 004c | 8b6b 0845 | 0fb7 6d2e | 4c2b 2841 | 83ed 014e | 8b6c ec08 | 4d85 ed75 
  0x0000021687548220: 0ef6 4008 | 0175 58f0 | 4883 4808 | 01eb 5045 | 8b6d 0849 | ba00 0000 | 8f16 0200 | 004d 03ea 
  0x0000021687548240: 4d8b d54c | 3368 0849 | f7c5 fcff | ffff 742f | 41f6 c502 | 7529 4883 | 7808 0074 | 1e48 8378 
  0x0000021687548260: 0801 7417 | 4d8b ea4c | 3368 0849 | f7c5 fcff | ffff 740b | 4883 4808 | 02eb 044c | 8968 0848 
  0x0000021687548280: 83c0 104c | 8b68 d841 | 83ed 0441 | c1e5 0349 | 03c5 4889 | 45d8 4c8d | 6c24 084c | 896d f0ff 
  0x00000216875482a0: 6350 660f | 1f44 0000 
[/MachCode]

---------------  P R O C E S S  ---------------

Threads class SMR info:
_java_thread_list=0x00000216d40ad4d0, length=10, elements={
0x00000216f2365fc0, 0x00000216f9a18a80, 0x00000216f9a1d3a0, 0x00000216f9a212c0,
0x00000216f9a22450, 0x00000216f9a26650, 0x00000216f9a28150, 0x00000216f9a37600,
0x00000216f9a3a600, 0x00000216d40b0b80
}

Java Threads: ( => current thread )
=>0x00000216f2365fc0 JavaThread "main"                              [_thread_in_vm, id=7356, stack(0x00000077b6700000,0x00000077b6800000) (1024K)]
  0x00000216f9a18a80 JavaThread "Reference Handler"          daemon [_thread_blocked, id=11892, stack(0x00000077b6b00000,0x00000077b6c00000) (1024K)]
  0x00000216f9a1d3a0 JavaThread "Finalizer"                  daemon [_thread_blocked, id=9600, stack(0x00000077b6c00000,0x00000077b6d00000) (1024K)]
  0x00000216f9a212c0 JavaThread "Signal Dispatcher"          daemon [_thread_blocked, id=15188, stack(0x00000077b6d00000,0x00000077b6e00000) (1024K)]
  0x00000216f9a22450 JavaThread "Attach Listener"            daemon [_thread_blocked, id=5940, stack(0x00000077b6e00000,0x00000077b6f00000) (1024K)]
  0x00000216f9a26650 JavaThread "Service Thread"             daemon [_thread_blocked, id=15016, stack(0x00000077b6f00000,0x00000077b7000000) (1024K)]
  0x00000216f9a28150 JavaThread "Monitor Deflation Thread"   daemon [_thread_blocked, id=1732, stack(0x00000077b7000000,0x00000077b7100000) (1024K)]
  0x00000216f9a37600 JavaThread "C2 CompilerThread0"         daemon [_thread_blocked, id=10352, stack(0x00000077b7100000,0x00000077b7200000) (1024K)]
  0x00000216f9a3a600 JavaThread "C1 CompilerThread0"         daemon [_thread_blocked, id=12720, stack(0x00000077b7200000,0x00000077b7300000) (1024K)]
  0x00000216d40b0b80 JavaThread "Common-Cleaner"             daemon [_thread_blocked, id=12276, stack(0x00000077b7300000,0x00000077b7400000) (1024K)]
Total: 10

Other Threads:
  0x00000216f99ffbe0 VMThread "VM Thread"                           [id=584, stack(0x00000077b6a00000,0x00000077b6b00000) (1024K)]
  0x00000216f98f0c30 WatcherThread "VM Periodic Task Thread"        [id=17380, stack(0x00000077b6900000,0x00000077b6a00000) (1024K)]
  0x00000216f468d1b0 WorkerThread "GC Thread#0"                     [id=3792, stack(0x00000077b6800000,0x00000077b6900000) (1024K)]
Total: 3

Threads with active compile tasks:
Total: 0

VM state: not at safepoint (normal execution)

VM Mutex/Monitor currently owned by a thread:  ([mutex/lock_event])
[0x00007ffeae2dc708] AdapterHandlerLibrary_lock - owner thread: 0x00000216f2365fc0

Heap address: 0x00000000c0000000, size: 1024 MB, Compressed Oops mode: 32-bit

CDS archive(s) mapped at: [0x000002168f000000-0x000002168fba0000-0x000002168fba0000), size 12189696, SharedBaseAddress: 0x000002168f000000, ArchiveRelocationMode: 1.
Compressed class space mapped at: 0x0000021690000000-0x00000216d0000000, reserved size: 1073741824
Narrow klass base: 0x000002168f000000, Narrow klass shift: 0, Narrow klass range: 0x100000000

GC Precious Log:
 CardTable entry size: 512
 CPUs: 8 total, 8 available
 Memory: 16227M
 Large Page Support: Disabled
 NUMA Support: Disabled
 Compressed Oops: Enabled (32-bit)
 Alignments: Space 512K, Generation 512K, Heap 2M
 Heap Min Capacity: 100M
 Heap Initial Capacity: 100M
 Heap Max Capacity: 1G
 Pre-touch: Disabled
 Parallel Workers: 8

Heap:
 PSYoungGen      total 29696K, used 3584K [0x00000000eab00000, 0x00000000ecc00000, 0x0000000100000000)
  eden space 25600K, 14% used [0x00000000eab00000,0x00000000eae80318,0x00000000ec400000)
  from space 4096K, 0% used [0x00000000ec800000,0x00000000ec800000,0x00000000ecc00000)
  to   space 4096K, 0% used [0x00000000ec400000,0x00000000ec400000,0x00000000ec800000)
 ParOldGen       total 68608K, used 0K [0x00000000c0000000, 0x00000000c4300000, 0x00000000eab00000)
  object space 68608K, 0% used [0x00000000c0000000,0x00000000c0000000,0x00000000c4300000)
 Metaspace       used 305K, committed 512K, reserved 1114112K
  class space    used 16K, committed 128K, reserved 1048576K

Card table byte_map: [0x00000216f4020000,0x00000216f4230000] _byte_map_base: 0x00000216f3a20000

Marking Bits: (ParMarkBitMap*) 0x00007ffeae2e31f0
 Begin Bits: [0x00000216f7870000, 0x00000216f8870000)
 End Bits:   [0x00000216f8870000, 0x00000216f9870000)

Polling page: 0x00000216f24e0000

Metaspace:

Usage:
  Non-class:    289.04 KB used.
      Class:     16.14 KB used.
       Both:    305.18 KB used.

Virtual space:
  Non-class space:       64.00 MB reserved,     384.00 KB ( <1%) committed,  1 nodes.
      Class space:        1.00 GB reserved,     128.00 KB ( <1%) committed,  1 nodes.
             Both:        1.06 GB reserved,     512.00 KB ( <1%) committed. 

Chunk freelists:
   Non-Class:  11.99 MB
       Class:  15.75 MB
        Both:  27.74 MB

MaxMetaspaceSize: unlimited
CompressedClassSpaceSize: 1.00 GB
Initial GC threshold: 21.00 MB
Current GC threshold: 21.00 MB
CDS: on
 - commit_granule_bytes: 65536.
 - commit_granule_words: 8192.
 - virtual_space_node_default_size: 8388608.
 - enlarge_chunks_in_place: 1.
 - use_allocation_guard: 0.


Internal statistics:

num_allocs_failed_limit: 0.
num_arena_births: 8.
num_arena_deaths: 0.
num_vsnodes_births: 2.
num_vsnodes_deaths: 0.
num_space_committed: 8.
num_space_uncommitted: 0.
num_chunks_returned_to_freelist: 0.
num_chunks_taken_from_freelist: 9.
num_chunk_merges: 0.
num_chunk_splits: 6.
num_chunks_enlarged: 3.
num_inconsistent_stats: 0.

CodeHeap 'non-profiled nmethods': size=120000Kb used=68Kb max_used=68Kb free=119932Kb
 bounds [0x0000021687ad0000, 0x0000021687d40000, 0x000002168f000000]
CodeHeap 'profiled nmethods': size=120000Kb used=212Kb max_used=212Kb free=119788Kb
 bounds [0x0000021680000000, 0x0000021680270000, 0x0000021687530000]
CodeHeap 'non-nmethods': size=5760Kb used=1124Kb max_used=1136Kb free=4635Kb
 bounds [0x0000021687530000, 0x00000216877a0000, 0x0000021687ad0000]
 total_blobs=565 nmethods=201 adapters=271
 compilation: enabled
              stopped_count=0, restarted_count=0
 full_count=0

Compilation events (20 events):
Event: 0.103 Thread 0x00000216f9a3a600 nmethod 190 0x0000021680031790 code [0x0000021680031940, 0x0000021680031a70]
Event: 0.103 Thread 0x00000216f9a3a600  192       3       java.util.Optional::<init> (10 bytes)
Event: 0.103 Thread 0x00000216f9a3a600 nmethod 192 0x0000021680031b90 code [0x0000021680031d40, 0x0000021680031ec8]
Event: 0.103 Thread 0x00000216f9a3a600  191       3       jdk.internal.util.Preconditions::checkFromToIndex (24 bytes)
Event: 0.103 Thread 0x00000216f9a3a600 nmethod 191 0x0000021680031f90 code [0x0000021680032140, 0x0000021680032308]
Event: 0.103 Thread 0x00000216f9a3a600  193       1       jdk.internal.util.WeakReferenceKey::hashCode (5 bytes)
Event: 0.103 Thread 0x00000216f9a3a600 nmethod 193 0x0000021687ae0910 code [0x0000021687ae0aa0, 0x0000021687ae0b68]
Event: 0.104 Thread 0x00000216f9a3a600  194       3       java.lang.String::indexOf (37 bytes)
Event: 0.104 Thread 0x00000216f9a3a600 nmethod 194 0x0000021680032410 code [0x0000021680032620, 0x0000021680032aa0]
Event: 0.104 Thread 0x00000216f9a3a600  195       3       java.lang.StringLatin1::indexOf (37 bytes)
Event: 0.104 Thread 0x00000216f9a3a600 nmethod 195 0x0000021680032c90 code [0x0000021680032e80, 0x0000021680033378]
Event: 0.108 Thread 0x00000216f9a3a600  196       3       java.lang.invoke.MemberName::initResolved (53 bytes)
Event: 0.108 Thread 0x00000216f9a3a600 nmethod 196 0x0000021680033590 code [0x0000021680033740, 0x00000216800338b8]
Event: 0.110 Thread 0x00000216f9a3a600  198       3       java.lang.StringBuilder::append (8 bytes)
Event: 0.110 Thread 0x00000216f9a3a600 nmethod 198 0x0000021680033990 code [0x0000021680033b40, 0x0000021680033c90]
Event: 0.110 Thread 0x00000216f9a3a600  199       3       java.lang.AbstractStringBuilder::append (77 bytes)
Event: 0.110 Thread 0x00000216f9a3a600 nmethod 199 0x0000021680033d10 code [0x0000021680033f20, 0x00000216800345d8]
Event: 0.110 Thread 0x00000216f9a3a600  200       3       java.io.WinNTFileSystem::isSlash (18 bytes)
Event: 0.111 Thread 0x00000216f9a3a600 nmethod 200 0x0000021680034890 code [0x0000021680034a40, 0x0000021680034bd0]
Event: 0.111 Thread 0x00000216f9a3a600  201       3       java.lang.String::indexOf (7 bytes)

GC Heap History (0 events):
No events

Dll operation events (3 events):
Event: 0.013 Loaded shared library c:\Users\SBC\.vscode\extensions\redhat.java-1.42.0-win32-x64\jre\21.0.7-win32-x86_64\bin\java.dll
Event: 0.082 Loaded shared library c:\Users\SBC\.vscode\extensions\redhat.java-1.42.0-win32-x64\jre\21.0.7-win32-x86_64\bin\zip.dll
Event: 0.109 Loaded shared library C:\Users\SBC\.vscode\extensions\redhat.java-1.42.0-win32-x64\jre\21.0.7-win32-x86_64\bin\instrument.dll

Deoptimization events (0 events):
No events

Classes loaded (16 events):
Event: 0.081 Loading class jdk/internal/module/ModuleReferenceImpl$CachedHash
Event: 0.082 Loading class jdk/internal/module/ModuleReferenceImpl$CachedHash done
Event: 0.103 Loading class java/lang/WeakPairMap$Pair$Weak
Event: 0.103 Loading class java/lang/WeakPairMap$WeakRefPeer
Event: 0.103 Loading class java/lang/WeakPairMap$WeakRefPeer done
Event: 0.103 Loading class java/lang/WeakPairMap$Pair$Weak done
Event: 0.103 Loading class java/lang/WeakPairMap$Pair$Weak$1
Event: 0.103 Loading class java/lang/WeakPairMap$Pair$Weak$1 done
Event: 0.107 Loading class sun/instrument/InstrumentationImpl
Event: 0.107 Loading class java/lang/instrument/Instrumentation
Event: 0.108 Loading class java/lang/instrument/Instrumentation done
Event: 0.108 Loading class sun/instrument/InstrumentationImpl done
Event: 0.109 Loading class sun/instrument/TransformerManager
Event: 0.109 Loading class sun/instrument/TransformerManager done
Event: 0.109 Loading class sun/instrument/TransformerManager$TransformerInfo
Event: 0.110 Loading class sun/instrument/TransformerManager$TransformerInfo done

Classes unloaded (0 events):
No events

Classes redefined (0 events):
No events

Internal exceptions (1 events):
Event: 0.079 Thread 0x00000216f2365fc0 Exception <a 'java/lang/NoSuchMethodError'{0x00000000ead2a0e8}: 'void java.lang.invoke.DirectMethodHandle$Holder.invokeStatic(java.lang.Object, java.lang.Object, java.lang.Object)'> (0x00000000ead2a0e8) 
thrown [s\src\hotspot\share\interpreter\linkResolver.cpp, line 773]

ZGC Phase Switch (0 events):
No events

VM Operations (2 events):
Event: 0.081 Executing VM operation: HandshakeAllThreads (Deoptimize)
Event: 0.081 Executing VM operation: HandshakeAllThreads (Deoptimize) done

Memory protections (0 events):
No events

Nmethod flushes (0 events):
No events

Events (10 events):
Event: 0.029 Thread 0x00000216f2365fc0 Thread added: 0x00000216f2365fc0
Event: 0.045 Thread 0x00000216f2365fc0 Thread added: 0x00000216f9a18a80
Event: 0.045 Thread 0x00000216f2365fc0 Thread added: 0x00000216f9a1d3a0
Event: 0.045 Thread 0x00000216f2365fc0 Thread added: 0x00000216f9a212c0
Event: 0.045 Thread 0x00000216f2365fc0 Thread added: 0x00000216f9a22450
Event: 0.046 Thread 0x00000216f2365fc0 Thread added: 0x00000216f9a26650
Event: 0.046 Thread 0x00000216f2365fc0 Thread added: 0x00000216f9a28150
Event: 0.046 Thread 0x00000216f2365fc0 Thread added: 0x00000216f9a37600
Event: 0.046 Thread 0x00000216f2365fc0 Thread added: 0x00000216f9a3a600
Event: 0.073 Thread 0x00000216f2365fc0 Thread added: 0x00000216d40b0b80


Dynamic libraries:
0x00007ff6f83e0000 - 0x00007ff6f83ee000 	c:\Users\SBC\.vscode\extensions\redhat.java-1.42.0-win32-x64\jre\21.0.7-win32-x86_64\bin\java.exe
0x00007fff33c30000 - 0x00007fff33e28000 	C:\Windows\SYSTEM32\ntdll.dll
0x00007fff31ee0000 - 0x00007fff31fa2000 	C:\Windows\System32\KERNEL32.DLL
0x00007fff318d0000 - 0x00007fff31bc6000 	C:\Windows\System32\KERNELBASE.dll
0x00007fff312f0000 - 0x00007fff313f0000 	C:\Windows\System32\ucrtbase.dll
0x00007fff26eb0000 - 0x00007fff26ec8000 	c:\Users\SBC\.vscode\extensions\redhat.java-1.42.0-win32-x64\jre\21.0.7-win32-x86_64\bin\jli.dll
0x00007fff21120000 - 0x00007fff2113e000 	c:\Users\SBC\.vscode\extensions\redhat.java-1.42.0-win32-x64\jre\21.0.7-win32-x86_64\bin\VCRUNTIME140.dll
0x00007fff32030000 - 0x00007fff321cd000 	C:\Windows\System32\USER32.dll
0x00007fff22c10000 - 0x00007fff22eaa000 	C:\Windows\WinSxS\amd64_microsoft.windows.common-controls_6595b64144ccf1df_6.0.19041.4355_none_60b8b9eb71f62e16\COMCTL32.dll
0x00007fff31780000 - 0x00007fff317a2000 	C:\Windows\System32\win32u.dll
0x00007fff32fa0000 - 0x00007fff32fcb000 	C:\Windows\System32\GDI32.dll
0x00007fff32740000 - 0x00007fff327de000 	C:\Windows\System32\msvcrt.dll
0x00007fff317b0000 - 0x00007fff318ca000 	C:\Windows\System32\gdi32full.dll
0x00007fff31480000 - 0x00007fff3151d000 	C:\Windows\System32\msvcp_win.dll
0x00007fff31c50000 - 0x00007fff31c7f000 	C:\Windows\System32\IMM32.DLL
0x00007fff29670000 - 0x00007fff2967c000 	c:\Users\SBC\.vscode\extensions\redhat.java-1.42.0-win32-x64\jre\21.0.7-win32-x86_64\bin\vcruntime140_1.dll
0x00007fff1a100000 - 0x00007fff1a18d000 	c:\Users\SBC\.vscode\extensions\redhat.java-1.42.0-win32-x64\jre\21.0.7-win32-x86_64\bin\msvcp140.dll
0x00007ffead630000 - 0x00007ffeae3c0000 	c:\Users\SBC\.vscode\extensions\redhat.java-1.42.0-win32-x64\jre\21.0.7-win32-x86_64\bin\server\jvm.dll
0x00007fff338f0000 - 0x00007fff3399f000 	C:\Windows\System32\ADVAPI32.dll
0x00007fff33b50000 - 0x00007fff33bef000 	C:\Windows\System32\sechost.dll
0x00007fff31db0000 - 0x00007fff31ed3000 	C:\Windows\System32\RPCRT4.dll
0x00007fff312c0000 - 0x00007fff312e7000 	C:\Windows\System32\bcrypt.dll
0x00007fff328c0000 - 0x00007fff3292b000 	C:\Windows\System32\WS2_32.dll
0x00007fff31120000 - 0x00007fff3116b000 	C:\Windows\SYSTEM32\POWRPROF.dll
0x00007fff30760000 - 0x00007fff30787000 	C:\Windows\SYSTEM32\WINMM.dll
0x00007fff26c90000 - 0x00007fff26c9a000 	C:\Windows\SYSTEM32\VERSION.dll
0x00007fff31100000 - 0x00007fff31112000 	C:\Windows\SYSTEM32\UMPDC.dll
0x00007fff2f460000 - 0x00007fff2f472000 	C:\Windows\SYSTEM32\kernel.appcore.dll
0x00007fff27090000 - 0x00007fff2709a000 	c:\Users\SBC\.vscode\extensions\redhat.java-1.42.0-win32-x64\jre\21.0.7-win32-x86_64\bin\jimage.dll
0x00007fff30c20000 - 0x00007fff30e04000 	C:\Windows\SYSTEM32\DBGHELP.DLL
0x00007fff30a30000 - 0x00007fff30a64000 	C:\Windows\SYSTEM32\dbgcore.DLL
0x00007fff313f0000 - 0x00007fff31472000 	C:\Windows\System32\bcryptPrimitives.dll
0x00007fff26fc0000 - 0x00007fff26fcf000 	c:\Users\SBC\.vscode\extensions\redhat.java-1.42.0-win32-x64\jre\21.0.7-win32-x86_64\bin\instrument.dll
0x00007fff1b6b0000 - 0x00007fff1b6cf000 	c:\Users\SBC\.vscode\extensions\redhat.java-1.42.0-win32-x64\jre\21.0.7-win32-x86_64\bin\java.dll
0x00007fff330a0000 - 0x00007fff3380f000 	C:\Windows\System32\SHELL32.dll
0x00007fff2eca0000 - 0x00007fff2f443000 	C:\Windows\SYSTEM32\windows.storage.dll
0x00007fff32a60000 - 0x00007fff32db5000 	C:\Windows\System32\combase.dll
0x00007fff305e0000 - 0x00007fff3060b000 	C:\Windows\SYSTEM32\Wldp.dll
0x00007fff327f0000 - 0x00007fff328bd000 	C:\Windows\System32\OLEAUT32.dll
0x00007fff32ff0000 - 0x00007fff3309d000 	C:\Windows\System32\SHCORE.dll
0x00007fff326e0000 - 0x00007fff32735000 	C:\Windows\System32\shlwapi.dll
0x00007fff311f0000 - 0x00007fff31215000 	C:\Windows\SYSTEM32\profapi.dll
0x00007fff1a0e0000 - 0x00007fff1a0f8000 	c:\Users\SBC\.vscode\extensions\redhat.java-1.42.0-win32-x64\jre\21.0.7-win32-x86_64\bin\zip.dll

dbghelp: loaded successfully - version: 4.0.5 - missing functions: none
symbol engine: initialized successfully - sym options: 0x614 - pdb path: .;c:\Users\SBC\.vscode\extensions\redhat.java-1.42.0-win32-x64\jre\21.0.7-win32-x86_64\bin;C:\Windows\SYSTEM32;C:\Windows\WinSxS\amd64_microsoft.windows.common-controls_6595b64144ccf1df_6.0.19041.4355_none_60b8b9eb71f62e16;c:\Users\SBC\.vscode\extensions\redhat.java-1.42.0-win32-x64\jre\21.0.7-win32-x86_64\bin\server

VM Arguments:
jvm_args: --add-modules=ALL-SYSTEM --add-opens=java.base/java.util=ALL-UNNAMED --add-opens=java.base/java.lang=ALL-UNNAMED --add-opens=java.base/sun.nio.fs=ALL-UNNAMED -Declipse.application=org.eclipse.jdt.ls.core.id1 -Dosgi.bundles.defaultStartLevel=4 -Declipse.product=org.eclipse.jdt.ls.core.product -Djava.import.generatesMetadataFilesAtProjectRoot=false -DDetectVMInstallationsJob.disabled=true -Dfile.encoding=utf8 -XX:+UseParallelGC -XX:GCTimeRatio=4 -XX:AdaptiveSizePolicyWeight=90 -Dsun.zip.disableMemoryMapping=true -Xmx1G -Xms100m -Xlog:disable -javaagent:c:\Users\SBC\.vscode\extensions\redhat.java-1.42.0-win32-x64\lombok\lombok-1.18.36.jar -XX:+HeapDumpOnOutOfMemoryError -XX:HeapDumpPath=c:\Users\SBC\AppData\Roaming\Code\User\workspaceStorage\282c1fcaef77fe26e4d6393d23006972\redhat.java -Daether.dependencyCollector.impl=bf 
java_command: c:\Users\SBC\.vscode\extensions\redhat.java-1.42.0-win32-x64\server\plugins\org.eclipse.equinox.launcher_1.7.0.v20250424-1814.jar -configuration c:\Users\SBC\AppData\Roaming\Code\User\globalStorage\redhat.java\1.42.0\config_win -data c:\Users\SBC\AppData\Roaming\Code\User\workspaceStorage\282c1fcaef77fe26e4d6393d23006972\redhat.java\jdt_ws --pipe=\\.\pipe\lsp-390cc3cc0d983df27a8a30808e6ae16d-sock
java_class_path (initial): c:\Users\SBC\.vscode\extensions\redhat.java-1.42.0-win32-x64\server\plugins\org.eclipse.equinox.launcher_1.7.0.v20250424-1814.jar
Launcher Type: SUN_STANDARD

[Global flags]
    uintx AdaptiveSizePolicyWeight                 = 90                                        {product} {command line}
     intx CICompilerCount                          = 4                                         {product} {ergonomic}
    uintx GCTimeRatio                              = 4                                         {product} {command line}
     bool HeapDumpOnOutOfMemoryError               = true                                   {manageable} {command line}
    ccstr HeapDumpPath                             = c:\Users\SBC\AppData\Roaming\Code\User\workspaceStorage\282c1fcaef77fe26e4d6393d23006972\redhat.java         {manageable} {command line}
   size_t InitialHeapSize                          = 104857600                                 {product} {command line}
   size_t MaxHeapSize                              = 1073741824                                {product} {command line}
   size_t MaxNewSize                               = 357564416                                 {product} {ergonomic}
   size_t MinHeapDeltaBytes                        = 524288                                    {product} {ergonomic}
   size_t MinHeapSize                              = 104857600                                 {product} {command line}
   size_t NewSize                                  = 34603008                                  {product} {ergonomic}
    uintx NonNMethodCodeHeapSize                   = 5839372                                {pd product} {ergonomic}
    uintx NonProfiledCodeHeapSize                  = 122909434                              {pd product} {ergonomic}
   size_t OldSize                                  = 70254592                                  {product} {ergonomic}
    uintx ProfiledCodeHeapSize                     = 122909434                              {pd product} {ergonomic}
    uintx ReservedCodeCacheSize                    = 251658240                              {pd product} {ergonomic}
     bool SegmentedCodeCache                       = true                                      {product} {ergonomic}
   size_t SoftMaxHeapSize                          = 1073741824                             {manageable} {ergonomic}
     bool UseCompressedOops                        = true                           {product lp64_product} {ergonomic}
     bool UseLargePagesIndividualAllocation        = false                                  {pd product} {ergonomic}
     bool UseParallelGC                            = true                                      {product} {command line}

Logging:
Log output configuration:
 #0: stdout all=off uptime,level,tags foldmultilines=false
 #1: stderr all=off uptime,level,tags foldmultilines=false

Environment Variables:
PATH=C:\Program Files\Common Files\Oracle\Java\javapath;C:\Program Files\Eclipse Adoptium\jdk-21.0.4.7-hotspot\bin;C:\Windows\system32;C:\Windows;C:\Windows\System32\Wbem;C:\Windows\System32\WindowsPowerShell\v1.0\;C:\Windows\System32\OpenSSH\;C:\Program Files\Git\cmd;C:\MinGW\bin;C:\msys64\ucrt64\bin;C:\msys64\mingw64\bin;C:\MinGW\bin;E:\l.disk\Downloads;C:\msys64\ucrt64\bin;C:\msys64\ucrt64\bin;C:\dd\ucrt64\bin;C:\MinGW\bin;C:\Program Files\nodejs\;C:\Users\SBC\AppData\Local\Microsoft\WindowsApps;C:\msys64\ucrt64\bin;C:\msys64\mingw64\bin;C:\msys64\ucrt64\bin;C:\msys64\ucrt64\bin;C:\dd\ucrt64\bin;C:\Users\SBC\AppData\Roaming\npm;C:\Users\SBC\AppData\Local\Programs\Microsoft VS Code\bin
USERNAME=SBC
OS=Windows_NT
PROCESSOR_IDENTIFIER=Intel64 Family 6 Model 142 Stepping 10, GenuineIntel
TMP=C:\Users\SBC\AppData\Local\Temp
TEMP=C:\Users\SBC\AppData\Local\Temp




Periodic native trim disabled

---------------  S Y S T E M  ---------------

OS:
 Windows 10 , 64 bit Build 19041 (10.0.19041.5678)
OS uptime: 0 days 18:25 hours

CPU: total 8 (initial active 8) (4 cores per cpu, 2 threads per core) family 6 model 142 stepping 10 microcode 0xf6, cx8, cmov, fxsr, ht, mmx, 3dnowpref, sse, sse2, sse3, ssse3, sse4.1, sse4.2, popcnt, lzcnt, tsc, tscinvbit, avx, avx2, aes, erms, clmul, bmi1, bmi2, rtm, adx, fma, vzeroupper, clflush, clflushopt, rdtscp, f16c
Processor Information for the first 8 processors :
  Max Mhz: 2112, Current Mhz: 1910, Mhz Limit: 1900

Memory: 4k page, system-wide physical 16227M (8998M free)
TotalPageFile size 32611M (AvailPageFile size 24553M)
current process WorkingSet (physical memory assigned to process): 34M, peak: 34M
current process commit charge ("private bytes"): 188M, peak: 188M

vm_info: OpenJDK 64-Bit Server VM (21.0.7+6-LTS) for windows-amd64 JRE (21.0.7+6-LTS), built on 2025-04-15T00:00:00Z by "admin" with MS VC++ 17.7 (VS2022)

END.
